#
# An unexpected error has occurred (7)
#
Stack:
/esat/micas-data/software/xilinx_vivado_2018.2/Vivado/2018.2/tps/lnx64/jre/lib/amd64/server/libjvm.so(+0x923da9) [0x7f9fde1efda9]
/esat/micas-data/software/xilinx_vivado_2018.2/Vivado/2018.2/tps/lnx64/jre/lib/amd64/server/libjvm.so(JVM_handle_linux_signal+0xb6) [0x7f9fde1f63f6]
/esat/micas-data/software/xilinx_vivado_2018.2/Vivado/2018.2/tps/lnx64/jre/lib/amd64/server/libjvm.so(+0x9209d3) [0x7f9fde1ec9d3]
/lib64/libc.so.6(+0x37880) [0x7fa029853880]
/esat/micas-data/software/xilinx_vivado_2018.2/Vivado/2018.2/lib/lnx64.o/librdi_labtools.so(LTDHWSessionMgr::getHWSession(std::__cxx11::basic_string<char, std::char_traits<char>, std::allocator<char> > const&)+0x39) [0x7f9fe3dd5a49]
/esat/micas-data/software/xilinx_vivado_2018.2/Vivado/2018.2/lib/lnx64.o/librdi_labtools.so(LTDHWSessionMgr::getPersistDevicePtr(std::__cxx11::basic_string<char, std::char_traits<char>, std::allocator<char> >)+0xf) [0x7f9fe3dd620f]
/esat/micas-data/software/xilinx_vivado_2018.2/Vivado/2018.2/lib/lnx64.o/librdi_labtools.so(LTDPersist::getDevice(std::__cxx11::basic_string<char, std::char_traits<char>, std::allocator<char> > const&, std::shared_ptr<LTDPersist::Device>&)+0x45) [0x7f9fe3e002e5]
/esat/micas-data/software/xilinx_vivado_2018.2/Vivado/2018.2/lib/lnx64.o/librdi_labtools.so(LTDPersist::getObjectList(std::__cxx11::basic_string<char, std::char_traits<char>, std::allocator<char> > const&, std::__cxx11::basic_string<char, std::char_traits<char>, std::allocator<char> > const&, std::shared_ptr<LTDPersist::ObjectList>&)+0x28) [0x7f9fe3e004a8]
/esat/micas-data/software/xilinx_vivado_2018.2/Vivado/2018.2/lib/lnx64.o/librdi_labtools.so(LTDPersist::getObject(std::__cxx11::basic_string<char, std::char_traits<char>, std::allocator<char> > const&, std::__cxx11::basic_string<char, std::char_traits<char>, std::allocator<char> > const&, std::__cxx11::basic_string<char, std::char_traits<char>, std::allocator<char> > const&, std::shared_ptr<LTDPersist::Object>&)+0x28) [0x7f9fe3e006e8]
/esat/micas-data/software/xilinx_vivado_2018.2/Vivado/2018.2/lib/lnx64.o/librdi_labtools.so(LTDPersist::setProperty(std::__cxx11::basic_string<char, std::char_traits<char>, std::allocator<char> > const&, std::__cxx11::basic_string<char, std::char_traits<char>, std::allocator<char> > const&, std::__cxx11::basic_string<char, std::char_traits<char>, std::allocator<char> > const&, std::__cxx11::basic_string<char, std::char_traits<char>, std::allocator<char> > const&, std::__cxx11::basic_string<char, std::char_traits<char>, std::allocator<char> > const&)+0x34) [0x7f9fe3e04524]
/esat/micas-data/software/xilinx_vivado_2018.2/Vivado/2018.2/lib/lnx64.o/librdi_labtools.so(LTDPersist::setPropertyPath(std::__cxx11::basic_string<char, std::char_traits<char>, std::allocator<char> > const&, std::__cxx11::basic_string<char, std::char_traits<char>, std::allocator<char> > const&, std::__cxx11::basic_string<char, std::char_traits<char>, std::allocator<char> > const&, std::__cxx11::basic_string<char, std::char_traits<char>, std::allocator<char> > const&, std::__cxx11::basic_string<char, std::char_traits<char>, std::allocator<char> > const&)+0x6a) [0x7f9fe3e047fa]
/esat/micas-data/software/xilinx_vivado_2018.2/Vivado/2018.2/lib/lnx64.o/librdi_labtools.so(LTDHWDevice::setPersistPropertyPath(std::__cxx11::basic_string<char, std::char_traits<char>, std::allocator<char> > const&, std::__cxx11::basic_string<char, std::char_traits<char>, std::allocator<char> > const&) const+0x4d) [0x7f9fe3e54d2d]
/esat/micas-data/software/xilinx_vivado_2018.2/Vivado/2018.2/lib/lnx64.o/librdi_labtools.so(LTDHWDevice::setProbesFile(std::__cxx11::basic_string<char, std::char_traits<char>, std::allocator<char> > const&, bool, bool)+0x68) [0x7f9fe3e574a8]
/esat/micas-data/software/xilinx_vivado_2018.2/Vivado/2018.2/lib/lnx64.o/librdi_labtoolstasks.so(+0x4fc9f7) [0x7f9fc3a5f9f7]
/esat/micas-data/software/xilinx_vivado_2018.2/Vivado/2018.2/lib/lnx64.o/librdi_commontasks.so(+0x2d863e) [0x7fa012dc063e]
/esat/micas-data/software/xilinx_vivado_2018.2/Vivado/2018.2/lib/lnx64.o/librdi_common.so(+0x78e792) [0x7fa02ab0e792]
/esat/micas-data/software/xilinx_vivado_2018.2/Vivado/2018.2/lib/lnx64.o/libtcl8.5.so(+0x334af) [0x7fa024e114af]
/esat/micas-data/software/xilinx_vivado_2018.2/Vivado/2018.2/lib/lnx64.o/libtcl8.5.so(Tcl_EvalObjv+0x32) [0x7fa024e115e2]
/esat/micas-data/software/xilinx_vivado_2018.2/Vivado/2018.2/lib/lnx64.o/libtcl8.5.so(TclEvalObjEx+0x322) [0x7fa024e13402]
/esat/micas-data/software/xilinx_vivado_2018.2/Vivado/2018.2/lib/lnx64.o/librdi_commontasks.so(+0x2d16eb) [0x7fa012db96eb]
/esat/micas-data/software/xilinx_vivado_2018.2/Vivado/2018.2/lib/lnx64.o/librdi_common.so(+0x78e792) [0x7fa02ab0e792]
/esat/micas-data/software/xilinx_vivado_2018.2/Vivado/2018.2/lib/lnx64.o/libtcl8.5.so(+0x334af) [0x7fa024e114af]
/esat/micas-data/software/xilinx_vivado_2018.2/Vivado/2018.2/lib/lnx64.o/libtcl8.5.so(+0x76875) [0x7fa024e54875]
/esat/micas-data/software/xilinx_vivado_2018.2/Vivado/2018.2/lib/lnx64.o/libtcl8.5.so(+0x7e029) [0x7fa024e5c029]
/esat/micas-data/software/xilinx_vivado_2018.2/Vivado/2018.2/lib/lnx64.o/libtcl8.5.so(TclEvalObjEx+0x76) [0x7fa024e13156]
/esat/micas-data/software/xilinx_vivado_2018.2/Vivado/2018.2/lib/lnx64.o/librdi_common.so(+0x78cca1) [0x7fa02ab0cca1]
/esat/micas-data/software/xilinx_vivado_2018.2/Vivado/2018.2/lib/lnx64.o/libtcl8.5.so(Tcl_ServiceEvent+0x7f) [0x7fa024e85b0f]
/esat/micas-data/software/xilinx_vivado_2018.2/Vivado/2018.2/lib/lnx64.o/libtcl8.5.so(Tcl_DoOneEvent+0x154) [0x7fa024e85e44]
/esat/micas-data/software/xilinx_vivado_2018.2/Vivado/2018.2/lib/lnx64.o/librdi_commontasks.so(+0x1f9535) [0x7fa012ce1535]
/esat/micas-data/software/xilinx_vivado_2018.2/Vivado/2018.2/lib/lnx64.o/librdi_commontasks.so(+0x2014c3) [0x7fa012ce94c3]
/esat/micas-data/software/xilinx_vivado_2018.2/Vivado/2018.2/lib/lnx64.o/librdi_commontasks.so(+0x20255e) [0x7fa012cea55e]
/esat/micas-data/software/xilinx_vivado_2018.2/Vivado/2018.2/lib/lnx64.o/librdi_common.so(+0x78e792) [0x7fa02ab0e792]
/esat/micas-data/software/xilinx_vivado_2018.2/Vivado/2018.2/lib/lnx64.o/libtcl8.5.so(+0x334af) [0x7fa024e114af]
/esat/micas-data/software/xilinx_vivado_2018.2/Vivado/2018.2/lib/lnx64.o/libtcl8.5.so(+0x76875) [0x7fa024e54875]
/esat/micas-data/software/xilinx_vivado_2018.2/Vivado/2018.2/lib/lnx64.o/libtcl8.5.so(+0x7e029) [0x7fa024e5c029]
/esat/micas-data/software/xilinx_vivado_2018.2/Vivado/2018.2/lib/lnx64.o/libtcl8.5.so(TclEvalObjEx+0x76) [0x7fa024e13156]
/esat/micas-data/software/xilinx_vivado_2018.2/Vivado/2018.2/lib/lnx64.o/librdi_commonmain.so(+0x7414) [0x7fa02a17c414]
/esat/micas-data/software/xilinx_vivado_2018.2/Vivado/2018.2/lib/lnx64.o/libtcl8.5.so(Tcl_Main+0x1d0) [0x7fa024e7e210]
/esat/micas-data/software/xilinx_vivado_2018.2/Vivado/2018.2/lib/lnx64.o/librdi_common.so(+0x7d175b) [0x7fa02ab5175b]
/lib64/libpthread.so.0(+0x814a) [0x7fa02960414a]
/lib64/libc.so.6(clone+0x43) [0x7fa029918f23]
