#
# An unexpected error has occurred (7)
#
Stack:
/esat/micas-data/software/xilinx_vivado_2018.2/Vivado/2018.2/tps/lnx64/jre/lib/amd64/server/libjvm.so(+0x923da9) [0x7f50ea95eda9]
/esat/micas-data/software/xilinx_vivado_2018.2/Vivado/2018.2/tps/lnx64/jre/lib/amd64/server/libjvm.so(JVM_handle_linux_signal+0xb6) [0x7f50ea9653f6]
/esat/micas-data/software/xilinx_vivado_2018.2/Vivado/2018.2/tps/lnx64/jre/lib/amd64/server/libjvm.so(+0x9209d3) [0x7f50ea95b9d3]
/lib64/libc.so.6(+0x37880) [0x7f5135fc2880]
/esat/micas-data/software/xilinx_vivado_2018.2/Vivado/2018.2/lib/lnx64.o/librdi_labtools.so(LTDHWSessionMgr::getHWSession(std::__cxx11::basic_string<char, std::char_traits<char>, std::allocator<char> > const&)+0x39) [0x7f50f0544a49]
/esat/micas-data/software/xilinx_vivado_2018.2/Vivado/2018.2/lib/lnx64.o/librdi_labtools.so(LTDHWSessionMgr::getPersistDevicePtr(std::__cxx11::basic_string<char, std::char_traits<char>, std::allocator<char> >)+0xf) [0x7f50f054520f]
/esat/micas-data/software/xilinx_vivado_2018.2/Vivado/2018.2/lib/lnx64.o/librdi_labtools.so(LTDPersist::getDevice(std::__cxx11::basic_string<char, std::char_traits<char>, std::allocator<char> > const&, std::shared_ptr<LTDPersist::Device>&)+0x45) [0x7f50f056f2e5]
/esat/micas-data/software/xilinx_vivado_2018.2/Vivado/2018.2/lib/lnx64.o/librdi_labtools.so(LTDPersist::getObjectList(std::__cxx11::basic_string<char, std::char_traits<char>, std::allocator<char> > const&, std::__cxx11::basic_string<char, std::char_traits<char>, std::allocator<char> > const&, std::shared_ptr<LTDPersist::ObjectList>&)+0x28) [0x7f50f056f4a8]
/esat/micas-data/software/xilinx_vivado_2018.2/Vivado/2018.2/lib/lnx64.o/librdi_labtools.so(LTDPersist::getObject(std::__cxx11::basic_string<char, std::char_traits<char>, std::allocator<char> > const&, std::__cxx11::basic_string<char, std::char_traits<char>, std::allocator<char> > const&, std::__cxx11::basic_string<char, std::char_traits<char>, std::allocator<char> > const&, std::shared_ptr<LTDPersist::Object>&)+0x28) [0x7f50f056f6e8]
/esat/micas-data/software/xilinx_vivado_2018.2/Vivado/2018.2/lib/lnx64.o/librdi_labtools.so(LTDPersist::setProperty(std::__cxx11::basic_string<char, std::char_traits<char>, std::allocator<char> > const&, std::__cxx11::basic_string<char, std::char_traits<char>, std::allocator<char> > const&, std::__cxx11::basic_string<char, std::char_traits<char>, std::allocator<char> > const&, std::__cxx11::basic_string<char, std::char_traits<char>, std::allocator<char> > const&, std::__cxx11::basic_string<char, std::char_traits<char>, std::allocator<char> > const&)+0x34) [0x7f50f0573524]
/esat/micas-data/software/xilinx_vivado_2018.2/Vivado/2018.2/lib/lnx64.o/librdi_labtools.so(LTDPersist::setPropertyPath(std::__cxx11::basic_string<char, std::char_traits<char>, std::allocator<char> > const&, std::__cxx11::basic_string<char, std::char_traits<char>, std::allocator<char> > const&, std::__cxx11::basic_string<char, std::char_traits<char>, std::allocator<char> > const&, std::__cxx11::basic_string<char, std::char_traits<char>, std::allocator<char> > const&, std::__cxx11::basic_string<char, std::char_traits<char>, std::allocator<char> > const&)+0x6a) [0x7f50f05737fa]
/esat/micas-data/software/xilinx_vivado_2018.2/Vivado/2018.2/lib/lnx64.o/librdi_labtools.so(LTDHWDevice::setPersistPropertyPath(std::__cxx11::basic_string<char, std::char_traits<char>, std::allocator<char> > const&, std::__cxx11::basic_string<char, std::char_traits<char>, std::allocator<char> > const&) const+0x4d) [0x7f50f05c3d2d]
/esat/micas-data/software/xilinx_vivado_2018.2/Vivado/2018.2/lib/lnx64.o/librdi_labtools.so(LTDHWDevice::setProbesFile(std::__cxx11::basic_string<char, std::char_traits<char>, std::allocator<char> > const&, bool, bool)+0x68) [0x7f50f05c64a8]
/esat/micas-data/software/xilinx_vivado_2018.2/Vivado/2018.2/lib/lnx64.o/librdi_labtoolstasks.so(+0x4fc9f7) [0x7f50d01ce9f7]
/esat/micas-data/software/xilinx_vivado_2018.2/Vivado/2018.2/lib/lnx64.o/librdi_commontasks.so(+0x2d863e) [0x7f511f52f63e]
/esat/micas-data/software/xilinx_vivado_2018.2/Vivado/2018.2/lib/lnx64.o/librdi_common.so(+0x78e792) [0x7f513727d792]
/esat/micas-data/software/xilinx_vivado_2018.2/Vivado/2018.2/lib/lnx64.o/libtcl8.5.so(+0x334af) [0x7f51315804af]
/esat/micas-data/software/xilinx_vivado_2018.2/Vivado/2018.2/lib/lnx64.o/libtcl8.5.so(Tcl_EvalObjv+0x32) [0x7f51315805e2]
/esat/micas-data/software/xilinx_vivado_2018.2/Vivado/2018.2/lib/lnx64.o/libtcl8.5.so(TclEvalObjEx+0x322) [0x7f5131582402]
/esat/micas-data/software/xilinx_vivado_2018.2/Vivado/2018.2/lib/lnx64.o/librdi_commontasks.so(+0x2d16eb) [0x7f511f5286eb]
/esat/micas-data/software/xilinx_vivado_2018.2/Vivado/2018.2/lib/lnx64.o/librdi_common.so(+0x78e792) [0x7f513727d792]
/esat/micas-data/software/xilinx_vivado_2018.2/Vivado/2018.2/lib/lnx64.o/libtcl8.5.so(+0x334af) [0x7f51315804af]
/esat/micas-data/software/xilinx_vivado_2018.2/Vivado/2018.2/lib/lnx64.o/libtcl8.5.so(+0x76875) [0x7f51315c3875]
/esat/micas-data/software/xilinx_vivado_2018.2/Vivado/2018.2/lib/lnx64.o/libtcl8.5.so(+0x7e029) [0x7f51315cb029]
/esat/micas-data/software/xilinx_vivado_2018.2/Vivado/2018.2/lib/lnx64.o/libtcl8.5.so(TclEvalObjEx+0x76) [0x7f5131582156]
/esat/micas-data/software/xilinx_vivado_2018.2/Vivado/2018.2/lib/lnx64.o/librdi_common.so(+0x78cca1) [0x7f513727bca1]
/esat/micas-data/software/xilinx_vivado_2018.2/Vivado/2018.2/lib/lnx64.o/libtcl8.5.so(Tcl_ServiceEvent+0x7f) [0x7f51315f4b0f]
/esat/micas-data/software/xilinx_vivado_2018.2/Vivado/2018.2/lib/lnx64.o/libtcl8.5.so(Tcl_DoOneEvent+0x154) [0x7f51315f4e44]
/esat/micas-data/software/xilinx_vivado_2018.2/Vivado/2018.2/lib/lnx64.o/librdi_commontasks.so(+0x1f9535) [0x7f511f450535]
/esat/micas-data/software/xilinx_vivado_2018.2/Vivado/2018.2/lib/lnx64.o/librdi_commontasks.so(+0x2014c3) [0x7f511f4584c3]
/esat/micas-data/software/xilinx_vivado_2018.2/Vivado/2018.2/lib/lnx64.o/librdi_commontasks.so(+0x20255e) [0x7f511f45955e]
/esat/micas-data/software/xilinx_vivado_2018.2/Vivado/2018.2/lib/lnx64.o/librdi_common.so(+0x78e792) [0x7f513727d792]
/esat/micas-data/software/xilinx_vivado_2018.2/Vivado/2018.2/lib/lnx64.o/libtcl8.5.so(+0x334af) [0x7f51315804af]
/esat/micas-data/software/xilinx_vivado_2018.2/Vivado/2018.2/lib/lnx64.o/libtcl8.5.so(+0x76875) [0x7f51315c3875]
/esat/micas-data/software/xilinx_vivado_2018.2/Vivado/2018.2/lib/lnx64.o/libtcl8.5.so(+0x7e029) [0x7f51315cb029]
/esat/micas-data/software/xilinx_vivado_2018.2/Vivado/2018.2/lib/lnx64.o/libtcl8.5.so(TclEvalObjEx+0x76) [0x7f5131582156]
/esat/micas-data/software/xilinx_vivado_2018.2/Vivado/2018.2/lib/lnx64.o/librdi_commonmain.so(+0x7414) [0x7f51368eb414]
/esat/micas-data/software/xilinx_vivado_2018.2/Vivado/2018.2/lib/lnx64.o/libtcl8.5.so(Tcl_Main+0x1d0) [0x7f51315ed210]
/esat/micas-data/software/xilinx_vivado_2018.2/Vivado/2018.2/lib/lnx64.o/librdi_common.so(+0x7d175b) [0x7f51372c075b]
/lib64/libpthread.so.0(+0x814a) [0x7f5135d7314a]
/lib64/libc.so.6(clone+0x43) [0x7f5136087f23]
