#
# An unexpected error has occurred (11)
#
Stack:
/esat/micas-data/software/xilinx_vivado_2018.2/Vivado/2018.2/tps/lnx64/jre/lib/amd64/server/libjvm.so(+0x923da9) [0x7fb7ceae7da9]
/esat/micas-data/software/xilinx_vivado_2018.2/Vivado/2018.2/tps/lnx64/jre/lib/amd64/server/libjvm.so(JVM_handle_linux_signal+0xb6) [0x7fb7ceaee3f6]
/esat/micas-data/software/xilinx_vivado_2018.2/Vivado/2018.2/tps/lnx64/jre/lib/amd64/server/libjvm.so(+0x9209d3) [0x7fb7ceae49d3]
/lib64/libc.so.6(+0x37880) [0x7fb81a14b880]
/esat/micas-data/software/xilinx_vivado_2018.2/Vivado/2018.2/lib/lnx64.o/librdi_labtools.so(LTDHWSessionMgr::getHWSession(std::__cxx11::basic_string<char, std::char_traits<char>, std::allocator<char> > const&)+0x39) [0x7fb7d46cda49]
/esat/micas-data/software/xilinx_vivado_2018.2/Vivado/2018.2/lib/lnx64.o/librdi_labtools.so(LTDHWSessionMgr::getPersistDevicePtr(std::__cxx11::basic_string<char, std::char_traits<char>, std::allocator<char> >)+0xf) [0x7fb7d46ce20f]
/esat/micas-data/software/xilinx_vivado_2018.2/Vivado/2018.2/lib/lnx64.o/librdi_labtools.so(LTDPersist::getDevice(std::__cxx11::basic_string<char, std::char_traits<char>, std::allocator<char> > const&, std::shared_ptr<LTDPersist::Device>&)+0x45) [0x7fb7d46f82e5]
/esat/micas-data/software/xilinx_vivado_2018.2/Vivado/2018.2/lib/lnx64.o/librdi_labtools.so(LTDPersist::getObjectList(std::__cxx11::basic_string<char, std::char_traits<char>, std::allocator<char> > const&, std::__cxx11::basic_string<char, std::char_traits<char>, std::allocator<char> > const&, std::shared_ptr<LTDPersist::ObjectList>&)+0x28) [0x7fb7d46f84a8]
/esat/micas-data/software/xilinx_vivado_2018.2/Vivado/2018.2/lib/lnx64.o/librdi_labtools.so(LTDPersist::getObject(std::__cxx11::basic_string<char, std::char_traits<char>, std::allocator<char> > const&, std::__cxx11::basic_string<char, std::char_traits<char>, std::allocator<char> > const&, std::__cxx11::basic_string<char, std::char_traits<char>, std::allocator<char> > const&, std::shared_ptr<LTDPersist::Object>&)+0x28) [0x7fb7d46f86e8]
/esat/micas-data/software/xilinx_vivado_2018.2/Vivado/2018.2/lib/lnx64.o/librdi_labtools.so(LTDPersist::setProperty(std::__cxx11::basic_string<char, std::char_traits<char>, std::allocator<char> > const&, std::__cxx11::basic_string<char, std::char_traits<char>, std::allocator<char> > const&, std::__cxx11::basic_string<char, std::char_traits<char>, std::allocator<char> > const&, std::__cxx11::basic_string<char, std::char_traits<char>, std::allocator<char> > const&, std::__cxx11::basic_string<char, std::char_traits<char>, std::allocator<char> > const&)+0x34) [0x7fb7d46fc524]
/esat/micas-data/software/xilinx_vivado_2018.2/Vivado/2018.2/lib/lnx64.o/librdi_labtools.so(LTDPersist::setPropertyPath(std::__cxx11::basic_string<char, std::char_traits<char>, std::allocator<char> > const&, std::__cxx11::basic_string<char, std::char_traits<char>, std::allocator<char> > const&, std::__cxx11::basic_string<char, std::char_traits<char>, std::allocator<char> > const&, std::__cxx11::basic_string<char, std::char_traits<char>, std::allocator<char> > const&, std::__cxx11::basic_string<char, std::char_traits<char>, std::allocator<char> > const&)+0x6a) [0x7fb7d46fc7fa]
/esat/micas-data/software/xilinx_vivado_2018.2/Vivado/2018.2/lib/lnx64.o/librdi_labtools.so(LTDHWDevice::setPersistPropertyPath(std::__cxx11::basic_string<char, std::char_traits<char>, std::allocator<char> > const&, std::__cxx11::basic_string<char, std::char_traits<char>, std::allocator<char> > const&) const+0x4d) [0x7fb7d474cd2d]
/esat/micas-data/software/xilinx_vivado_2018.2/Vivado/2018.2/lib/lnx64.o/librdi_labtools.so(LTDHWDevice::setProbesFile(std::__cxx11::basic_string<char, std::char_traits<char>, std::allocator<char> > const&, bool, bool)+0x68) [0x7fb7d474f4a8]
/esat/micas-data/software/xilinx_vivado_2018.2/Vivado/2018.2/lib/lnx64.o/librdi_labtoolstasks.so(+0x4fc9f7) [0x7fb7b43579f7]
/esat/micas-data/software/xilinx_vivado_2018.2/Vivado/2018.2/lib/lnx64.o/librdi_commontasks.so(+0x2d863e) [0x7fb8036b863e]
/esat/micas-data/software/xilinx_vivado_2018.2/Vivado/2018.2/lib/lnx64.o/librdi_common.so(+0x78e792) [0x7fb81b406792]
/esat/micas-data/software/xilinx_vivado_2018.2/Vivado/2018.2/lib/lnx64.o/libtcl8.5.so(+0x334af) [0x7fb8157094af]
/esat/micas-data/software/xilinx_vivado_2018.2/Vivado/2018.2/lib/lnx64.o/libtcl8.5.so(Tcl_EvalObjv+0x32) [0x7fb8157095e2]
/esat/micas-data/software/xilinx_vivado_2018.2/Vivado/2018.2/lib/lnx64.o/libtcl8.5.so(TclEvalObjEx+0x322) [0x7fb81570b402]
/esat/micas-data/software/xilinx_vivado_2018.2/Vivado/2018.2/lib/lnx64.o/librdi_commontasks.so(+0x2d16eb) [0x7fb8036b16eb]
/esat/micas-data/software/xilinx_vivado_2018.2/Vivado/2018.2/lib/lnx64.o/librdi_common.so(+0x78e792) [0x7fb81b406792]
/esat/micas-data/software/xilinx_vivado_2018.2/Vivado/2018.2/lib/lnx64.o/libtcl8.5.so(+0x334af) [0x7fb8157094af]
/esat/micas-data/software/xilinx_vivado_2018.2/Vivado/2018.2/lib/lnx64.o/libtcl8.5.so(+0x76875) [0x7fb81574c875]
/esat/micas-data/software/xilinx_vivado_2018.2/Vivado/2018.2/lib/lnx64.o/libtcl8.5.so(+0x7e029) [0x7fb815754029]
/esat/micas-data/software/xilinx_vivado_2018.2/Vivado/2018.2/lib/lnx64.o/libtcl8.5.so(TclEvalObjEx+0x76) [0x7fb81570b156]
/esat/micas-data/software/xilinx_vivado_2018.2/Vivado/2018.2/lib/lnx64.o/librdi_common.so(+0x78cca1) [0x7fb81b404ca1]
/esat/micas-data/software/xilinx_vivado_2018.2/Vivado/2018.2/lib/lnx64.o/libtcl8.5.so(Tcl_ServiceEvent+0x7f) [0x7fb81577db0f]
/esat/micas-data/software/xilinx_vivado_2018.2/Vivado/2018.2/lib/lnx64.o/libtcl8.5.so(Tcl_DoOneEvent+0x154) [0x7fb81577de44]
/esat/micas-data/software/xilinx_vivado_2018.2/Vivado/2018.2/lib/lnx64.o/librdi_commontasks.so(+0x1f9535) [0x7fb8035d9535]
/esat/micas-data/software/xilinx_vivado_2018.2/Vivado/2018.2/lib/lnx64.o/librdi_commontasks.so(+0x2014c3) [0x7fb8035e14c3]
/esat/micas-data/software/xilinx_vivado_2018.2/Vivado/2018.2/lib/lnx64.o/librdi_commontasks.so(+0x20255e) [0x7fb8035e255e]
/esat/micas-data/software/xilinx_vivado_2018.2/Vivado/2018.2/lib/lnx64.o/librdi_common.so(+0x78e792) [0x7fb81b406792]
/esat/micas-data/software/xilinx_vivado_2018.2/Vivado/2018.2/lib/lnx64.o/libtcl8.5.so(+0x334af) [0x7fb8157094af]
/esat/micas-data/software/xilinx_vivado_2018.2/Vivado/2018.2/lib/lnx64.o/libtcl8.5.so(+0x76875) [0x7fb81574c875]
/esat/micas-data/software/xilinx_vivado_2018.2/Vivado/2018.2/lib/lnx64.o/libtcl8.5.so(+0x7e029) [0x7fb815754029]
/esat/micas-data/software/xilinx_vivado_2018.2/Vivado/2018.2/lib/lnx64.o/libtcl8.5.so(TclEvalObjEx+0x76) [0x7fb81570b156]
/esat/micas-data/software/xilinx_vivado_2018.2/Vivado/2018.2/lib/lnx64.o/librdi_commonmain.so(+0x7414) [0x7fb81aa74414]
/esat/micas-data/software/xilinx_vivado_2018.2/Vivado/2018.2/lib/lnx64.o/libtcl8.5.so(Tcl_Main+0x1d0) [0x7fb815776210]
/esat/micas-data/software/xilinx_vivado_2018.2/Vivado/2018.2/lib/lnx64.o/librdi_common.so(+0x7d175b) [0x7fb81b44975b]
/lib64/libpthread.so.0(+0x814a) [0x7fb819efc14a]
/lib64/libc.so.6(clone+0x43) [0x7fb81a210f23]
